2019-09-22 07:29:34.968  INFO 10424 --- [main] com.spm.back.BackApplication             : Starting BackApplication on DESKTOP-UN75SK9 with PID 10424 (started by suren in C:\Users\suren\Desktop\SLIIT_2019\semester 2\spm\spm-complexity-tool\back)
2019-09-22 07:29:34.976  INFO 10424 --- [main] com.spm.back.BackApplication             : No active profile set, falling back to default profiles: default
2019-09-22 07:29:38.884  INFO 10424 --- [main] .s.d.r.c.RepositoryConfigurationDelegate : Bootstrapping Spring Data repositories in DEFAULT mode.
2019-09-22 07:29:39.052  INFO 10424 --- [main] .s.d.r.c.RepositoryConfigurationDelegate : Finished Spring Data repository scanning in 133ms. Found 2 repository interfaces.
2019-09-22 07:29:39.544  INFO 10424 --- [main] trationDelegate$BeanPostProcessorChecker : Bean 'org.springframework.transaction.annotation.ProxyTransactionManagementConfiguration' of type [org.springframework.transaction.annotation.ProxyTransactionManagementConfiguration$$EnhancerBySpringCGLIB$$9e0d0b58] is not eligible for getting processed by all BeanPostProcessors (for example: not eligible for auto-proxying)
2019-09-22 07:29:40.794  INFO 10424 --- [main] o.s.b.w.embedded.tomcat.TomcatWebServer  : Tomcat initialized with port(s): 9090 (http)
2019-09-22 07:29:40.926  INFO 10424 --- [main] o.apache.catalina.core.StandardService   : Starting service [Tomcat]
2019-09-22 07:29:40.927  INFO 10424 --- [main] org.apache.catalina.core.StandardEngine  : Starting Servlet engine: [Apache Tomcat/9.0.17]
2019-09-22 07:29:41.467  INFO 10424 --- [main] o.a.c.c.C.[Tomcat].[localhost].[/]       : Initializing Spring embedded WebApplicationContext
2019-09-22 07:29:41.468  INFO 10424 --- [main] o.s.web.context.ContextLoader            : Root WebApplicationContext: initialization completed in 5955 ms
2019-09-22 07:29:42.441  INFO 10424 --- [main] com.zaxxer.hikari.HikariDataSource       : HikariPool-1 - Starting...
2019-09-22 07:29:43.119  INFO 10424 --- [main] com.zaxxer.hikari.HikariDataSource       : HikariPool-1 - Start completed.
2019-09-22 07:29:43.389  INFO 10424 --- [main] o.hibernate.jpa.internal.util.LogHelper  : HHH000204: Processing PersistenceUnitInfo [
	name: default
	...]
2019-09-22 07:29:43.935  INFO 10424 --- [main] org.hibernate.Version                    : HHH000412: Hibernate Core {5.3.9.Final}
2019-09-22 07:29:43.937  INFO 10424 --- [main] org.hibernate.cfg.Environment            : HHH000206: hibernate.properties not found
2019-09-22 07:29:44.788  INFO 10424 --- [main] o.hibernate.annotations.common.Version   : HCANN000001: Hibernate Commons Annotations {5.0.4.Final}
2019-09-22 07:29:45.355  INFO 10424 --- [main] org.hibernate.dialect.Dialect            : HHH000400: Using dialect: org.hibernate.dialect.MySQL5InnoDBDialect
2019-09-22 07:29:48.603  INFO 10424 --- [main] j.LocalContainerEntityManagerFactoryBean : Initialized JPA EntityManagerFactory for persistence unit 'default'
2019-09-22 07:29:50.111  INFO 10424 --- [main] o.s.s.concurrent.ThreadPoolTaskExecutor  : Initializing ExecutorService 'applicationTaskExecutor'
2019-09-22 07:29:50.197  WARN 10424 --- [main] aWebConfiguration$JpaWebMvcConfiguration : spring.jpa.open-in-view is enabled by default. Therefore, database queries may be performed during view rendering. Explicitly configure spring.jpa.open-in-view to disable this warning
2019-09-22 07:29:51.905  INFO 10424 --- [main] o.s.b.w.embedded.tomcat.TomcatWebServer  : Tomcat started on port(s): 9090 (http) with context path ''
2019-09-22 07:29:51.907  INFO 10424 --- [main] com.spm.back.BackApplication             : Started BackApplication in 18.525 seconds (JVM running for 21.391)
2019-09-22 07:30:20.733  INFO 10424 --- [http-nio-9090-exec-1] o.a.c.c.C.[Tomcat].[localhost].[/]       : Initializing Spring DispatcherServlet 'dispatcherServlet'
2019-09-22 07:30:20.734  INFO 10424 --- [http-nio-9090-exec-1] o.s.web.servlet.DispatcherServlet        : Initializing Servlet 'dispatcherServlet'
2019-09-22 07:30:20.744  INFO 10424 --- [http-nio-9090-exec-1] o.s.web.servlet.DispatcherServlet        : Completed initialization in 10 ms
2019-09-22 07:57:09.005  WARN 10424 --- [http-nio-9090-exec-2] .w.s.m.s.DefaultHandlerExceptionResolver : Resolved [org.springframework.web.bind.ServletRequestBindingException: Missing session attribute 'filepath' of type String]
2019-09-22 07:57:09.006  WARN 10424 --- [http-nio-9090-exec-8] .w.s.m.s.DefaultHandlerExceptionResolver : Resolved [org.springframework.web.bind.ServletRequestBindingException: Missing session attribute 'filepath' of type String]
